<?xml version="1.0" encoding="UTF-8"?>
<!-- Generated by org.testng.reporters.JUnitReportReporter -->
<testsuite hostname="LAPTOP-GSA0RIGP" failures="0" tests="1" name="com.google.qa.FirstTest" time="3.860" errors="0" timestamp="29 abr. 2023 16:57:13 GMT" skipped="0">
  <testcase classname="com.google.qa.FirstTest" name="f" time="3.860"/>
</testsuite> <!-- com.google.qa.FirstTest -->
